
Starting..
Error: Cannot load ssl certificates: Error: ENOENT: no such file or directory, open './sslcert/fullchain.pem'
HTTPS unavailable (no SSL Certs)
╔════════════════════════╗
║ HTTP Started Port 8080 ║
╚════════════════════════╝

New User..
createUser..
..email doesnt exist
..password hashed
verify code: 1462
..user created
{
  "id": 8,
  "email": "hi@hi.com",
  "passwordHash": "$2a$10$VYhmH82g1B3I9dqhF7woOOlK.xYrXvggL.zzOk1kW51UZgjLgTJ2y",
  "verified": false,
  "verifyCode": "1462",
  "color": "#2c3e50",
  "updatedAt": "2018-02-15T23:57:20.285Z",
  "createdAt": "2018-02-15T23:57:20.285Z"
}
User added: hi@hi.com
redirect..
Message sent: 250 2.0.0 OK 1518739042 f66sm5499264pfe.124 - gsmtp

Verify user..

Get User..

Get Animals..

Post User Stats..

Get User..

Post User Stats..

Get User..

Post Animals..
Name: HI IM A COW

Get Animals..

Get User..

Get Animals..

Post Animals..
Name: NO YOUR MOMS A COW

Get Animals..

Post User Stats..

Get User..

Post User Stats..

Get User..

Post User Stats..

Get User..

Post User Stats..

Get User..

Post User Stats..

Get User..
